2016-12-20 15:42:21   -----   MySql.Data.MySqlClient.MySqlException (0x80004005): FUNCTION 013.getdate does not exist
   at MySql.Data.MySqlClient.MySqlStream.OpenPacket()
   at MySql.Data.MySqlClient.NativeDriver.ReadResult(UInt64& affectedRows, Int64& lastInsertId)
   at MySql.Data.MySqlClient.MySqlDataReader.GetResultSet()
   at MySql.Data.MySqlClient.MySqlDataReader.NextResult()
   at MySql.Data.MySqlClient.MySqlCommand.ExecuteReader(CommandBehavior behavior)
   at MySql.Data.MySqlClient.MySqlCommand.ExecuteDbDataReader(CommandBehavior behavior)
   at System.Data.Common.DbCommand.System.Data.IDbCommand.ExecuteReader(CommandBehavior behavior)
   at System.Data.Common.DbDataAdapter.FillInternal(DataSet dataset, DataTable[] datatables, Int32 startRecord, Int32 maxRecords, String srcTable, IDbCommand command, CommandBehavior behavior)
   at System.Data.Common.DbDataAdapter.Fill(DataSet dataSet, Int32 startRecord, Int32 maxRecords, String srcTable, IDbCommand command, CommandBehavior behavior)
   at System.Data.Common.DbDataAdapter.Fill(DataSet dataSet, String srcTable)
   at YUNkefu.Core.Dal.DbHelperSQL.Query(String SQLString) in d:\csharp\YUKefu\Core\Dal\DbHelperSQL.cs:line 401
   at YUNkefu.Core.Dal.WeChatAdvertisementDal.QueryTask(String robotid) in d:\csharp\YUKefu\Core\Dal\WeChatAdvertisementDal.cs:line 24
   at YUNkefu.Core.WxTaskCore.AutoSendMsg() in d:\csharp\YUKefu\Core\WxTaskCore.cs:line 121
2016-12-20 15:42:38   -----   MySql.Data.MySqlClient.MySqlException (0x80004005): FUNCTION 013.getdate does not exist
   at MySql.Data.MySqlClient.MySqlStream.OpenPacket()
   at MySql.Data.MySqlClient.NativeDriver.ReadResult(UInt64& affectedRows, Int64& lastInsertId)
   at MySql.Data.MySqlClient.MySqlDataReader.GetResultSet()
   at MySql.Data.MySqlClient.MySqlDataReader.NextResult()
   at MySql.Data.MySqlClient.MySqlCommand.ExecuteReader(CommandBehavior behavior)
   at MySql.Data.MySqlClient.MySqlCommand.ExecuteDbDataReader(CommandBehavior behavior)
   at System.Data.Common.DbCommand.System.Data.IDbCommand.ExecuteReader(CommandBehavior behavior)
   at System.Data.Common.DbDataAdapter.FillInternal(DataSet dataset, DataTable[] datatables, Int32 startRecord, Int32 maxRecords, String srcTable, IDbCommand command, CommandBehavior behavior)
   at System.Data.Common.DbDataAdapter.Fill(DataSet dataSet, Int32 startRecord, Int32 maxRecords, String srcTable, IDbCommand command, CommandBehavior behavior)
   at System.Data.Common.DbDataAdapter.Fill(DataSet dataSet, String srcTable)
   at YUNkefu.Core.Dal.DbHelperSQL.Query(String SQLString) in d:\csharp\YUKefu\Core\Dal\DbHelperSQL.cs:line 401
   at YUNkefu.Core.Dal.WeChatAdvertisementDal.QueryTask(String robotid) in d:\csharp\YUKefu\Core\Dal\WeChatAdvertisementDal.cs:line 24
   at YUNkefu.Core.WxTaskCore.AutoSendMsg() in d:\csharp\YUKefu\Core\WxTaskCore.cs:line 121
2016-12-20 15:43:06   -----   System.NullReferenceException: Object reference not set to an instance of an object.
   at YUNkefu.Core.Entity.WxContact.GetNickName(String userName) in d:\csharp\YUKefu\Core\Entity\WxContact.cs:line 152
2016-12-20 15:43:06   -----   System.NullReferenceException: Object reference not set to an instance of an object.
   at YUNkefu.Core.Entity.WxContact.GetNickName(String userName) in d:\csharp\YUKefu\Core\Entity\WxContact.cs:line 152
2016-12-20 15:47:00   -----   MySql.Data.MySqlClient.MySqlException (0x80004005): FUNCTION 013.getdate does not exist
   at MySql.Data.MySqlClient.MySqlStream.OpenPacket()
   at MySql.Data.MySqlClient.NativeDriver.ReadResult(UInt64& affectedRows, Int64& lastInsertId)
   at MySql.Data.MySqlClient.MySqlDataReader.GetResultSet()
   at MySql.Data.MySqlClient.MySqlDataReader.NextResult()
   at MySql.Data.MySqlClient.MySqlCommand.ExecuteReader(CommandBehavior behavior)
   at MySql.Data.MySqlClient.MySqlCommand.ExecuteDbDataReader(CommandBehavior behavior)
   at System.Data.Common.DbCommand.System.Data.IDbCommand.ExecuteReader(CommandBehavior behavior)
   at System.Data.Common.DbDataAdapter.FillInternal(DataSet dataset, DataTable[] datatables, Int32 startRecord, Int32 maxRecords, String srcTable, IDbCommand command, CommandBehavior behavior)
   at System.Data.Common.DbDataAdapter.Fill(DataSet dataSet, Int32 startRecord, Int32 maxRecords, String srcTable, IDbCommand command, CommandBehavior behavior)
   at System.Data.Common.DbDataAdapter.Fill(DataSet dataSet, String srcTable)
   at YUNkefu.Core.Dal.DbHelperSQL.Query(String SQLString) in d:\csharp\YUKefu\Core\Dal\DbHelperSQL.cs:line 401
   at YUNkefu.Core.Dal.WeChatAdvertisementDal.QueryTask(String robotid) in d:\csharp\YUKefu\Core\Dal\WeChatAdvertisementDal.cs:line 24
   at YUNkefu.Core.WxTaskCore.AutoSendMsg() in d:\csharp\YUKefu\Core\WxTaskCore.cs:line 121
2016-12-20 15:47:00   -----   MySql.Data.MySqlClient.MySqlException (0x80004005): FUNCTION 013.getdate does not exist
   at MySql.Data.MySqlClient.MySqlStream.OpenPacket()
   at MySql.Data.MySqlClient.NativeDriver.ReadResult(UInt64& affectedRows, Int64& lastInsertId)
   at MySql.Data.MySqlClient.MySqlDataReader.GetResultSet()
   at MySql.Data.MySqlClient.MySqlDataReader.NextResult()
   at MySql.Data.MySqlClient.MySqlCommand.ExecuteReader(CommandBehavior behavior)
   at MySql.Data.MySqlClient.MySqlCommand.ExecuteDbDataReader(CommandBehavior behavior)
   at System.Data.Common.DbCommand.System.Data.IDbCommand.ExecuteReader(CommandBehavior behavior)
   at System.Data.Common.DbDataAdapter.FillInternal(DataSet dataset, DataTable[] datatables, Int32 startRecord, Int32 maxRecords, String srcTable, IDbCommand command, CommandBehavior behavior)
   at System.Data.Common.DbDataAdapter.Fill(DataSet dataSet, Int32 startRecord, Int32 maxRecords, String srcTable, IDbCommand command, CommandBehavior behavior)
   at System.Data.Common.DbDataAdapter.Fill(DataSet dataSet, String srcTable)
   at YUNkefu.Core.Dal.DbHelperSQL.Query(String SQLString) in d:\csharp\YUKefu\Core\Dal\DbHelperSQL.cs:line 401
   at YUNkefu.Core.Dal.WeChatAdvertisementDal.QueryTask(String robotid) in d:\csharp\YUKefu\Core\Dal\WeChatAdvertisementDal.cs:line 24
   at YUNkefu.Core.WxTaskCore.AutoSendMsg() in d:\csharp\YUKefu\Core\WxTaskCore.cs:line 121
2016-12-20 15:47:31   -----   System.NullReferenceException: Object reference not set to an instance of an object.
   at YUNkefu.Core.Entity.WxContact.GetNickName(String userName) in d:\csharp\YUKefu\Core\Entity\WxContact.cs:line 152
2016-12-20 15:47:31   -----   System.NullReferenceException: Object reference not set to an instance of an object.
   at YUNkefu.Core.Entity.WxContact.GetNickName(String userName) in d:\csharp\YUKefu\Core\Entity\WxContact.cs:line 152
2016-12-20 15:48:44   -----   MySql.Data.MySqlClient.MySqlException (0x80004005): FUNCTION 013.getdate does not exist
   at MySql.Data.MySqlClient.MySqlStream.OpenPacket()
   at MySql.Data.MySqlClient.NativeDriver.ReadResult(UInt64& affectedRows, Int64& lastInsertId)
   at MySql.Data.MySqlClient.MySqlDataReader.GetResultSet()
   at MySql.Data.MySqlClient.MySqlDataReader.NextResult()
   at MySql.Data.MySqlClient.MySqlCommand.ExecuteReader(CommandBehavior behavior)
   at MySql.Data.MySqlClient.MySqlCommand.ExecuteDbDataReader(CommandBehavior behavior)
   at System.Data.Common.DbCommand.System.Data.IDbCommand.ExecuteReader(CommandBehavior behavior)
   at System.Data.Common.DbDataAdapter.FillInternal(DataSet dataset, DataTable[] datatables, Int32 startRecord, Int32 maxRecords, String srcTable, IDbCommand command, CommandBehavior behavior)
   at System.Data.Common.DbDataAdapter.Fill(DataSet dataSet, Int32 startRecord, Int32 maxRecords, String srcTable, IDbCommand command, CommandBehavior behavior)
   at System.Data.Common.DbDataAdapter.Fill(DataSet dataSet, String srcTable)
   at YUNkefu.Core.Dal.DbHelperSQL.Query(String SQLString) in d:\csharp\YUKefu\Core\Dal\DbHelperSQL.cs:line 401
   at YUNkefu.Core.Dal.WeChatAdvertisementDal.QueryTask(String robotid) in d:\csharp\YUKefu\Core\Dal\WeChatAdvertisementDal.cs:line 24
   at YUNkefu.Core.WxTaskCore.AutoSendMsg() in d:\csharp\YUKefu\Core\WxTaskCore.cs:line 121
2016-12-20 15:48:44   -----   MySql.Data.MySqlClient.MySqlException (0x80004005): FUNCTION 013.getdate does not exist
   at MySql.Data.MySqlClient.MySqlStream.OpenPacket()
   at MySql.Data.MySqlClient.NativeDriver.ReadResult(UInt64& affectedRows, Int64& lastInsertId)
   at MySql.Data.MySqlClient.MySqlDataReader.GetResultSet()
   at MySql.Data.MySqlClient.MySqlDataReader.NextResult()
   at MySql.Data.MySqlClient.MySqlCommand.ExecuteReader(CommandBehavior behavior)
   at MySql.Data.MySqlClient.MySqlCommand.ExecuteDbDataReader(CommandBehavior behavior)
   at System.Data.Common.DbCommand.System.Data.IDbCommand.ExecuteReader(CommandBehavior behavior)
   at System.Data.Common.DbDataAdapter.FillInternal(DataSet dataset, DataTable[] datatables, Int32 startRecord, Int32 maxRecords, String srcTable, IDbCommand command, CommandBehavior behavior)
   at System.Data.Common.DbDataAdapter.Fill(DataSet dataSet, Int32 startRecord, Int32 maxRecords, String srcTable, IDbCommand command, CommandBehavior behavior)
   at System.Data.Common.DbDataAdapter.Fill(DataSet dataSet, String srcTable)
   at YUNkefu.Core.Dal.DbHelperSQL.Query(String SQLString) in d:\csharp\YUKefu\Core\Dal\DbHelperSQL.cs:line 401
   at YUNkefu.Core.Dal.WeChatAdvertisementDal.QueryTask(String robotid) in d:\csharp\YUKefu\Core\Dal\WeChatAdvertisementDal.cs:line 24
   at YUNkefu.Core.WxTaskCore.AutoSendMsg() in d:\csharp\YUKefu\Core\WxTaskCore.cs:line 121
2016-12-20 15:55:09   -----   MySql.Data.MySqlClient.MySqlException (0x80004005): FUNCTION 013.getdate does not exist
   at MySql.Data.MySqlClient.MySqlStream.OpenPacket()
   at MySql.Data.MySqlClient.NativeDriver.ReadResult(UInt64& affectedRows, Int64& lastInsertId)
   at MySql.Data.MySqlClient.MySqlDataReader.GetResultSet()
   at MySql.Data.MySqlClient.MySqlDataReader.NextResult()
   at MySql.Data.MySqlClient.MySqlCommand.ExecuteReader(CommandBehavior behavior)
   at MySql.Data.MySqlClient.MySqlCommand.ExecuteDbDataReader(CommandBehavior behavior)
   at System.Data.Common.DbCommand.System.Data.IDbCommand.ExecuteReader(CommandBehavior behavior)
   at System.Data.Common.DbDataAdapter.FillInternal(DataSet dataset, DataTable[] datatables, Int32 startRecord, Int32 maxRecords, String srcTable, IDbCommand command, CommandBehavior behavior)
   at System.Data.Common.DbDataAdapter.Fill(DataSet dataSet, Int32 startRecord, Int32 maxRecords, String srcTable, IDbCommand command, CommandBehavior behavior)
   at System.Data.Common.DbDataAdapter.Fill(DataSet dataSet, String srcTable)
   at YUNkefu.Core.Dal.DbHelperSQL.Query(String SQLString) in d:\csharp\YUKefu\Core\Dal\DbHelperSQL.cs:line 401
   at YUNkefu.Core.Dal.WeChatAdvertisementDal.QueryTask(String robotid) in d:\csharp\YUKefu\Core\Dal\WeChatAdvertisementDal.cs:line 24
   at YUNkefu.Core.WxTaskCore.AutoSendMsg() in d:\csharp\YUKefu\Core\WxTaskCore.cs:line 121
2016-12-20 15:55:09   -----   MySql.Data.MySqlClient.MySqlException (0x80004005): FUNCTION 013.getdate does not exist
   at MySql.Data.MySqlClient.MySqlStream.OpenPacket()
   at MySql.Data.MySqlClient.NativeDriver.ReadResult(UInt64& affectedRows, Int64& lastInsertId)
   at MySql.Data.MySqlClient.MySqlDataReader.GetResultSet()
   at MySql.Data.MySqlClient.MySqlDataReader.NextResult()
   at MySql.Data.MySqlClient.MySqlCommand.ExecuteReader(CommandBehavior behavior)
   at MySql.Data.MySqlClient.MySqlCommand.ExecuteDbDataReader(CommandBehavior behavior)
   at System.Data.Common.DbCommand.System.Data.IDbCommand.ExecuteReader(CommandBehavior behavior)
   at System.Data.Common.DbDataAdapter.FillInternal(DataSet dataset, DataTable[] datatables, Int32 startRecord, Int32 maxRecords, String srcTable, IDbCommand command, CommandBehavior behavior)
   at System.Data.Common.DbDataAdapter.Fill(DataSet dataSet, Int32 startRecord, Int32 maxRecords, String srcTable, IDbCommand command, CommandBehavior behavior)
   at System.Data.Common.DbDataAdapter.Fill(DataSet dataSet, String srcTable)
   at YUNkefu.Core.Dal.DbHelperSQL.Query(String SQLString) in d:\csharp\YUKefu\Core\Dal\DbHelperSQL.cs:line 401
   at YUNkefu.Core.Dal.WeChatAdvertisementDal.QueryTask(String robotid) in d:\csharp\YUKefu\Core\Dal\WeChatAdvertisementDal.cs:line 24
   at YUNkefu.Core.WxTaskCore.AutoSendMsg() in d:\csharp\YUKefu\Core\WxTaskCore.cs:line 121
2016-12-20 15:57:27   -----   MySql.Data.MySqlClient.MySqlException (0x80004005): FUNCTION 013.getdate does not exist
   at MySql.Data.MySqlClient.MySqlStream.OpenPacket()
   at MySql.Data.MySqlClient.NativeDriver.ReadResult(UInt64& affectedRows, Int64& lastInsertId)
   at MySql.Data.MySqlClient.MySqlDataReader.GetResultSet()
   at MySql.Data.MySqlClient.MySqlDataReader.NextResult()
   at MySql.Data.MySqlClient.MySqlCommand.ExecuteReader(CommandBehavior behavior)
   at MySql.Data.MySqlClient.MySqlCommand.ExecuteDbDataReader(CommandBehavior behavior)
   at System.Data.Common.DbCommand.System.Data.IDbCommand.ExecuteReader(CommandBehavior behavior)
   at System.Data.Common.DbDataAdapter.FillInternal(DataSet dataset, DataTable[] datatables, Int32 startRecord, Int32 maxRecords, String srcTable, IDbCommand command, CommandBehavior behavior)
   at System.Data.Common.DbDataAdapter.Fill(DataSet dataSet, Int32 startRecord, Int32 maxRecords, String srcTable, IDbCommand command, CommandBehavior behavior)
   at System.Data.Common.DbDataAdapter.Fill(DataSet dataSet, String srcTable)
   at YUNkefu.Core.Dal.DbHelperSQL.Query(String SQLString) in d:\csharp\YUKefu\Core\Dal\DbHelperSQL.cs:line 401
   at YUNkefu.Core.Dal.WeChatAdvertisementDal.QueryTask(String robotid) in d:\csharp\YUKefu\Core\Dal\WeChatAdvertisementDal.cs:line 24
   at YUNkefu.Core.WxTaskCore.AutoSendMsg() in d:\csharp\YUKefu\Core\WxTaskCore.cs:line 121
2016-12-20 15:57:27   -----   MySql.Data.MySqlClient.MySqlException (0x80004005): FUNCTION 013.getdate does not exist
   at MySql.Data.MySqlClient.MySqlStream.OpenPacket()
   at MySql.Data.MySqlClient.NativeDriver.ReadResult(UInt64& affectedRows, Int64& lastInsertId)
   at MySql.Data.MySqlClient.MySqlDataReader.GetResultSet()
   at MySql.Data.MySqlClient.MySqlDataReader.NextResult()
   at MySql.Data.MySqlClient.MySqlCommand.ExecuteReader(CommandBehavior behavior)
   at MySql.Data.MySqlClient.MySqlCommand.ExecuteDbDataReader(CommandBehavior behavior)
   at System.Data.Common.DbCommand.System.Data.IDbCommand.ExecuteReader(CommandBehavior behavior)
   at System.Data.Common.DbDataAdapter.FillInternal(DataSet dataset, DataTable[] datatables, Int32 startRecord, Int32 maxRecords, String srcTable, IDbCommand command, CommandBehavior behavior)
   at System.Data.Common.DbDataAdapter.Fill(DataSet dataSet, Int32 startRecord, Int32 maxRecords, String srcTable, IDbCommand command, CommandBehavior behavior)
   at System.Data.Common.DbDataAdapter.Fill(DataSet dataSet, String srcTable)
   at YUNkefu.Core.Dal.DbHelperSQL.Query(String SQLString) in d:\csharp\YUKefu\Core\Dal\DbHelperSQL.cs:line 401
   at YUNkefu.Core.Dal.WeChatAdvertisementDal.QueryTask(String robotid) in d:\csharp\YUKefu\Core\Dal\WeChatAdvertisementDal.cs:line 24
   at YUNkefu.Core.WxTaskCore.AutoSendMsg() in d:\csharp\YUKefu\Core\WxTaskCore.cs:line 121
2016-12-20 16:00:41   -----   MySql.Data.MySqlClient.MySqlException (0x80004005): FUNCTION 013.getdate does not exist
   at MySql.Data.MySqlClient.MySqlStream.OpenPacket()
   at MySql.Data.MySqlClient.NativeDriver.ReadResult(UInt64& affectedRows, Int64& lastInsertId)
   at MySql.Data.MySqlClient.MySqlDataReader.GetResultSet()
   at MySql.Data.MySqlClient.MySqlDataReader.NextResult()
   at MySql.Data.MySqlClient.MySqlCommand.ExecuteReader(CommandBehavior behavior)
   at MySql.Data.MySqlClient.MySqlCommand.ExecuteDbDataReader(CommandBehavior behavior)
   at System.Data.Common.DbCommand.System.Data.IDbCommand.ExecuteReader(CommandBehavior behavior)
   at System.Data.Common.DbDataAdapter.FillInternal(DataSet dataset, DataTable[] datatables, Int32 startRecord, Int32 maxRecords, String srcTable, IDbCommand command, CommandBehavior behavior)
   at System.Data.Common.DbDataAdapter.Fill(DataSet dataSet, Int32 startRecord, Int32 maxRecords, String srcTable, IDbCommand command, CommandBehavior behavior)
   at System.Data.Common.DbDataAdapter.Fill(DataSet dataSet, String srcTable)
   at YUNkefu.Core.Dal.DbHelperSQL.Query(String SQLString) in d:\csharp\YUKefu\Core\Dal\DbHelperSQL.cs:line 401
   at YUNkefu.Core.Dal.WeChatAdvertisementDal.QueryTask(String robotid) in d:\csharp\YUKefu\Core\Dal\WeChatAdvertisementDal.cs:line 24
   at YUNkefu.Core.WxTaskCore.AutoSendMsg() in d:\csharp\YUKefu\Core\WxTaskCore.cs:line 121
2016-12-20 16:00:41   -----   MySql.Data.MySqlClient.MySqlException (0x80004005): FUNCTION 013.getdate does not exist
   at MySql.Data.MySqlClient.MySqlStream.OpenPacket()
   at MySql.Data.MySqlClient.NativeDriver.ReadResult(UInt64& affectedRows, Int64& lastInsertId)
   at MySql.Data.MySqlClient.MySqlDataReader.GetResultSet()
   at MySql.Data.MySqlClient.MySqlDataReader.NextResult()
   at MySql.Data.MySqlClient.MySqlCommand.ExecuteReader(CommandBehavior behavior)
   at MySql.Data.MySqlClient.MySqlCommand.ExecuteDbDataReader(CommandBehavior behavior)
   at System.Data.Common.DbCommand.System.Data.IDbCommand.ExecuteReader(CommandBehavior behavior)
   at System.Data.Common.DbDataAdapter.FillInternal(DataSet dataset, DataTable[] datatables, Int32 startRecord, Int32 maxRecords, String srcTable, IDbCommand command, CommandBehavior behavior)
   at System.Data.Common.DbDataAdapter.Fill(DataSet dataSet, Int32 startRecord, Int32 maxRecords, String srcTable, IDbCommand command, CommandBehavior behavior)
   at System.Data.Common.DbDataAdapter.Fill(DataSet dataSet, String srcTable)
   at YUNkefu.Core.Dal.DbHelperSQL.Query(String SQLString) in d:\csharp\YUKefu\Core\Dal\DbHelperSQL.cs:line 401
   at YUNkefu.Core.Dal.WeChatAdvertisementDal.QueryTask(String robotid) in d:\csharp\YUKefu\Core\Dal\WeChatAdvertisementDal.cs:line 24
   at YUNkefu.Core.WxTaskCore.AutoSendMsg() in d:\csharp\YUKefu\Core\WxTaskCore.cs:line 121
2016-12-20 16:04:16   -----   MySql.Data.MySqlClient.MySqlException (0x80004005): FUNCTION 013.getdate does not exist
   at MySql.Data.MySqlClient.MySqlStream.OpenPacket()
   at MySql.Data.MySqlClient.NativeDriver.ReadResult(UInt64& affectedRows, Int64& lastInsertId)
   at MySql.Data.MySqlClient.MySqlDataReader.GetResultSet()
   at MySql.Data.MySqlClient.MySqlDataReader.NextResult()
   at MySql.Data.MySqlClient.MySqlCommand.ExecuteReader(CommandBehavior behavior)
   at MySql.Data.MySqlClient.MySqlCommand.ExecuteDbDataReader(CommandBehavior behavior)
   at System.Data.Common.DbCommand.System.Data.IDbCommand.ExecuteReader(CommandBehavior behavior)
   at System.Data.Common.DbDataAdapter.FillInternal(DataSet dataset, DataTable[] datatables, Int32 startRecord, Int32 maxRecords, String srcTable, IDbCommand command, CommandBehavior behavior)
   at System.Data.Common.DbDataAdapter.Fill(DataSet dataSet, Int32 startRecord, Int32 maxRecords, String srcTable, IDbCommand command, CommandBehavior behavior)
   at System.Data.Common.DbDataAdapter.Fill(DataSet dataSet, String srcTable)
   at YUNkefu.Core.Dal.DbHelperSQL.Query(String SQLString) in d:\csharp\YUKefu\Core\Dal\DbHelperSQL.cs:line 401
   at YUNkefu.Core.Dal.WeChatAdvertisementDal.QueryTask(String robotid) in d:\csharp\YUKefu\Core\Dal\WeChatAdvertisementDal.cs:line 24
   at YUNkefu.Core.WxTaskCore.AutoSendMsg() in d:\csharp\YUKefu\Core\WxTaskCore.cs:line 121
2016-12-20 16:04:16   -----   MySql.Data.MySqlClient.MySqlException (0x80004005): FUNCTION 013.getdate does not exist
   at MySql.Data.MySqlClient.MySqlStream.OpenPacket()
   at MySql.Data.MySqlClient.NativeDriver.ReadResult(UInt64& affectedRows, Int64& lastInsertId)
   at MySql.Data.MySqlClient.MySqlDataReader.GetResultSet()
   at MySql.Data.MySqlClient.MySqlDataReader.NextResult()
   at MySql.Data.MySqlClient.MySqlCommand.ExecuteReader(CommandBehavior behavior)
   at MySql.Data.MySqlClient.MySqlCommand.ExecuteDbDataReader(CommandBehavior behavior)
   at System.Data.Common.DbCommand.System.Data.IDbCommand.ExecuteReader(CommandBehavior behavior)
   at System.Data.Common.DbDataAdapter.FillInternal(DataSet dataset, DataTable[] datatables, Int32 startRecord, Int32 maxRecords, String srcTable, IDbCommand command, CommandBehavior behavior)
   at System.Data.Common.DbDataAdapter.Fill(DataSet dataSet, Int32 startRecord, Int32 maxRecords, String srcTable, IDbCommand command, CommandBehavior behavior)
   at System.Data.Common.DbDataAdapter.Fill(DataSet dataSet, String srcTable)
   at YUNkefu.Core.Dal.DbHelperSQL.Query(String SQLString) in d:\csharp\YUKefu\Core\Dal\DbHelperSQL.cs:line 401
   at YUNkefu.Core.Dal.WeChatAdvertisementDal.QueryTask(String robotid) in d:\csharp\YUKefu\Core\Dal\WeChatAdvertisementDal.cs:line 24
   at YUNkefu.Core.WxTaskCore.AutoSendMsg() in d:\csharp\YUKefu\Core\WxTaskCore.cs:line 121
2016-12-20 16:24:38   -----   MySql.Data.MySqlClient.MySqlException (0x80004005): FUNCTION 013.getdate does not exist
   at MySql.Data.MySqlClient.MySqlStream.OpenPacket()
   at MySql.Data.MySqlClient.NativeDriver.ReadResult(UInt64& affectedRows, Int64& lastInsertId)
   at MySql.Data.MySqlClient.MySqlDataReader.GetResultSet()
   at MySql.Data.MySqlClient.MySqlDataReader.NextResult()
   at MySql.Data.MySqlClient.MySqlCommand.ExecuteReader(CommandBehavior behavior)
   at MySql.Data.MySqlClient.MySqlCommand.ExecuteDbDataReader(CommandBehavior behavior)
   at System.Data.Common.DbCommand.System.Data.IDbCommand.ExecuteReader(CommandBehavior behavior)
   at System.Data.Common.DbDataAdapter.FillInternal(DataSet dataset, DataTable[] datatables, Int32 startRecord, Int32 maxRecords, String srcTable, IDbCommand command, CommandBehavior behavior)
   at System.Data.Common.DbDataAdapter.Fill(DataSet dataSet, Int32 startRecord, Int32 maxRecords, String srcTable, IDbCommand command, CommandBehavior behavior)
   at System.Data.Common.DbDataAdapter.Fill(DataSet dataSet, String srcTable)
   at YUNkefu.Core.Dal.DbHelperSQL.Query(String SQLString) in d:\csharp\YUKefu\Core\Dal\DbHelperSQL.cs:line 401
   at YUNkefu.Core.Dal.WeChatAdvertisementDal.QueryTask(String robotid) in d:\csharp\YUKefu\Core\Dal\WeChatAdvertisementDal.cs:line 24
   at YUNkefu.Core.WxTaskCore.AutoSendMsg() in d:\csharp\YUKefu\Core\WxTaskCore.cs:line 121
2016-12-20 16:24:38   -----   MySql.Data.MySqlClient.MySqlException (0x80004005): FUNCTION 013.getdate does not exist
   at MySql.Data.MySqlClient.MySqlStream.OpenPacket()
   at MySql.Data.MySqlClient.NativeDriver.ReadResult(UInt64& affectedRows, Int64& lastInsertId)
   at MySql.Data.MySqlClient.MySqlDataReader.GetResultSet()
   at MySql.Data.MySqlClient.MySqlDataReader.NextResult()
   at MySql.Data.MySqlClient.MySqlCommand.ExecuteReader(CommandBehavior behavior)
   at MySql.Data.MySqlClient.MySqlCommand.ExecuteDbDataReader(CommandBehavior behavior)
   at System.Data.Common.DbCommand.System.Data.IDbCommand.ExecuteReader(CommandBehavior behavior)
   at System.Data.Common.DbDataAdapter.FillInternal(DataSet dataset, DataTable[] datatables, Int32 startRecord, Int32 maxRecords, String srcTable, IDbCommand command, CommandBehavior behavior)
   at System.Data.Common.DbDataAdapter.Fill(DataSet dataSet, Int32 startRecord, Int32 maxRecords, String srcTable, IDbCommand command, CommandBehavior behavior)
   at System.Data.Common.DbDataAdapter.Fill(DataSet dataSet, String srcTable)
   at YUNkefu.Core.Dal.DbHelperSQL.Query(String SQLString) in d:\csharp\YUKefu\Core\Dal\DbHelperSQL.cs:line 401
   at YUNkefu.Core.Dal.WeChatAdvertisementDal.QueryTask(String robotid) in d:\csharp\YUKefu\Core\Dal\WeChatAdvertisementDal.cs:line 24
   at YUNkefu.Core.WxTaskCore.AutoSendMsg() in d:\csharp\YUKefu\Core\WxTaskCore.cs:line 121
2016-12-20 16:36:16   -----   MySql.Data.MySqlClient.MySqlException (0x80004005): FUNCTION 013.getdate does not exist
   at MySql.Data.MySqlClient.MySqlStream.OpenPacket()
   at MySql.Data.MySqlClient.NativeDriver.ReadResult(UInt64& affectedRows, Int64& lastInsertId)
   at MySql.Data.MySqlClient.MySqlDataReader.GetResultSet()
   at MySql.Data.MySqlClient.MySqlDataReader.NextResult()
   at MySql.Data.MySqlClient.MySqlCommand.ExecuteReader(CommandBehavior behavior)
   at MySql.Data.MySqlClient.MySqlCommand.ExecuteDbDataReader(CommandBehavior behavior)
   at System.Data.Common.DbCommand.System.Data.IDbCommand.ExecuteReader(CommandBehavior behavior)
   at System.Data.Common.DbDataAdapter.FillInternal(DataSet dataset, DataTable[] datatables, Int32 startRecord, Int32 maxRecords, String srcTable, IDbCommand command, CommandBehavior behavior)
   at System.Data.Common.DbDataAdapter.Fill(DataSet dataSet, Int32 startRecord, Int32 maxRecords, String srcTable, IDbCommand command, CommandBehavior behavior)
   at System.Data.Common.DbDataAdapter.Fill(DataSet dataSet, String srcTable)
   at YUNkefu.Core.Dal.DbHelperSQL.Query(String SQLString) in d:\csharp\YUKefu\Core\Dal\DbHelperSQL.cs:line 401
   at YUNkefu.Core.Dal.WeChatAdvertisementDal.QueryTask(String robotid) in d:\csharp\YUKefu\Core\Dal\WeChatAdvertisementDal.cs:line 24
   at YUNkefu.Core.WxTaskCore.AutoSendMsg() in d:\csharp\YUKefu\Core\WxTaskCore.cs:line 121
2016-12-20 16:36:16   -----   MySql.Data.MySqlClient.MySqlException (0x80004005): FUNCTION 013.getdate does not exist
   at MySql.Data.MySqlClient.MySqlStream.OpenPacket()
   at MySql.Data.MySqlClient.NativeDriver.ReadResult(UInt64& affectedRows, Int64& lastInsertId)
   at MySql.Data.MySqlClient.MySqlDataReader.GetResultSet()
   at MySql.Data.MySqlClient.MySqlDataReader.NextResult()
   at MySql.Data.MySqlClient.MySqlCommand.ExecuteReader(CommandBehavior behavior)
   at MySql.Data.MySqlClient.MySqlCommand.ExecuteDbDataReader(CommandBehavior behavior)
   at System.Data.Common.DbCommand.System.Data.IDbCommand.ExecuteReader(CommandBehavior behavior)
   at System.Data.Common.DbDataAdapter.FillInternal(DataSet dataset, DataTable[] datatables, Int32 startRecord, Int32 maxRecords, String srcTable, IDbCommand command, CommandBehavior behavior)
   at System.Data.Common.DbDataAdapter.Fill(DataSet dataSet, Int32 startRecord, Int32 maxRecords, String srcTable, IDbCommand command, CommandBehavior behavior)
   at System.Data.Common.DbDataAdapter.Fill(DataSet dataSet, String srcTable)
   at YUNkefu.Core.Dal.DbHelperSQL.Query(String SQLString) in d:\csharp\YUKefu\Core\Dal\DbHelperSQL.cs:line 401
   at YUNkefu.Core.Dal.WeChatAdvertisementDal.QueryTask(String robotid) in d:\csharp\YUKefu\Core\Dal\WeChatAdvertisementDal.cs:line 24
   at YUNkefu.Core.WxTaskCore.AutoSendMsg() in d:\csharp\YUKefu\Core\WxTaskCore.cs:line 121
2016-12-20 16:37:18   -----   MySql.Data.MySqlClient.MySqlException (0x80004005): FUNCTION 013.getdate does not exist
   at MySql.Data.MySqlClient.MySqlStream.OpenPacket()
   at MySql.Data.MySqlClient.NativeDriver.ReadResult(UInt64& affectedRows, Int64& lastInsertId)
   at MySql.Data.MySqlClient.MySqlDataReader.GetResultSet()
   at MySql.Data.MySqlClient.MySqlDataReader.NextResult()
   at MySql.Data.MySqlClient.MySqlCommand.ExecuteReader(CommandBehavior behavior)
   at MySql.Data.MySqlClient.MySqlCommand.ExecuteDbDataReader(CommandBehavior behavior)
   at System.Data.Common.DbCommand.System.Data.IDbCommand.ExecuteReader(CommandBehavior behavior)
   at System.Data.Common.DbDataAdapter.FillInternal(DataSet dataset, DataTable[] datatables, Int32 startRecord, Int32 maxRecords, String srcTable, IDbCommand command, CommandBehavior behavior)
   at System.Data.Common.DbDataAdapter.Fill(DataSet dataSet, Int32 startRecord, Int32 maxRecords, String srcTable, IDbCommand command, CommandBehavior behavior)
   at System.Data.Common.DbDataAdapter.Fill(DataSet dataSet, String srcTable)
   at YUNkefu.Core.Dal.DbHelperSQL.Query(String SQLString) in d:\csharp\YUKefu\Core\Dal\DbHelperSQL.cs:line 401
   at YUNkefu.Core.Dal.WeChatAdvertisementDal.QueryTask(String robotid) in d:\csharp\YUKefu\Core\Dal\WeChatAdvertisementDal.cs:line 24
   at YUNkefu.Core.WxTaskCore.AutoSendMsg() in d:\csharp\YUKefu\Core\WxTaskCore.cs:line 121
2016-12-20 16:37:18   -----   MySql.Data.MySqlClient.MySqlException (0x80004005): FUNCTION 013.getdate does not exist
   at MySql.Data.MySqlClient.MySqlStream.OpenPacket()
   at MySql.Data.MySqlClient.NativeDriver.ReadResult(UInt64& affectedRows, Int64& lastInsertId)
   at MySql.Data.MySqlClient.MySqlDataReader.GetResultSet()
   at MySql.Data.MySqlClient.MySqlDataReader.NextResult()
   at MySql.Data.MySqlClient.MySqlCommand.ExecuteReader(CommandBehavior behavior)
   at MySql.Data.MySqlClient.MySqlCommand.ExecuteDbDataReader(CommandBehavior behavior)
   at System.Data.Common.DbCommand.System.Data.IDbCommand.ExecuteReader(CommandBehavior behavior)
   at System.Data.Common.DbDataAdapter.FillInternal(DataSet dataset, DataTable[] datatables, Int32 startRecord, Int32 maxRecords, String srcTable, IDbCommand command, CommandBehavior behavior)
   at System.Data.Common.DbDataAdapter.Fill(DataSet dataSet, Int32 startRecord, Int32 maxRecords, String srcTable, IDbCommand command, CommandBehavior behavior)
   at System.Data.Common.DbDataAdapter.Fill(DataSet dataSet, String srcTable)
   at YUNkefu.Core.Dal.DbHelperSQL.Query(String SQLString) in d:\csharp\YUKefu\Core\Dal\DbHelperSQL.cs:line 401
   at YUNkefu.Core.Dal.WeChatAdvertisementDal.QueryTask(String robotid) in d:\csharp\YUKefu\Core\Dal\WeChatAdvertisementDal.cs:line 24
   at YUNkefu.Core.WxTaskCore.AutoSendMsg() in d:\csharp\YUKefu\Core\WxTaskCore.cs:line 121
2016-12-20 16:38:19   -----   MySql.Data.MySqlClient.MySqlException (0x80004005): FUNCTION 013.getdate does not exist
   at MySql.Data.MySqlClient.MySqlStream.OpenPacket()
   at MySql.Data.MySqlClient.NativeDriver.ReadResult(UInt64& affectedRows, Int64& lastInsertId)
   at MySql.Data.MySqlClient.MySqlDataReader.GetResultSet()
   at MySql.Data.MySqlClient.MySqlDataReader.NextResult()
   at MySql.Data.MySqlClient.MySqlCommand.ExecuteReader(CommandBehavior behavior)
   at MySql.Data.MySqlClient.MySqlCommand.ExecuteDbDataReader(CommandBehavior behavior)
   at System.Data.Common.DbCommand.System.Data.IDbCommand.ExecuteReader(CommandBehavior behavior)
   at System.Data.Common.DbDataAdapter.FillInternal(DataSet dataset, DataTable[] datatables, Int32 startRecord, Int32 maxRecords, String srcTable, IDbCommand command, CommandBehavior behavior)
   at System.Data.Common.DbDataAdapter.Fill(DataSet dataSet, Int32 startRecord, Int32 maxRecords, String srcTable, IDbCommand command, CommandBehavior behavior)
   at System.Data.Common.DbDataAdapter.Fill(DataSet dataSet, String srcTable)
   at YUNkefu.Core.Dal.DbHelperSQL.Query(String SQLString) in d:\csharp\YUKefu\Core\Dal\DbHelperSQL.cs:line 401
   at YUNkefu.Core.Dal.WeChatAdvertisementDal.QueryTask(String robotid) in d:\csharp\YUKefu\Core\Dal\WeChatAdvertisementDal.cs:line 24
   at YUNkefu.Core.WxTaskCore.AutoSendMsg() in d:\csharp\YUKefu\Core\WxTaskCore.cs:line 121
2016-12-20 16:38:19   -----   MySql.Data.MySqlClient.MySqlException (0x80004005): FUNCTION 013.getdate does not exist
   at MySql.Data.MySqlClient.MySqlStream.OpenPacket()
   at MySql.Data.MySqlClient.NativeDriver.ReadResult(UInt64& affectedRows, Int64& lastInsertId)
   at MySql.Data.MySqlClient.MySqlDataReader.GetResultSet()
   at MySql.Data.MySqlClient.MySqlDataReader.NextResult()
   at MySql.Data.MySqlClient.MySqlCommand.ExecuteReader(CommandBehavior behavior)
   at MySql.Data.MySqlClient.MySqlCommand.ExecuteDbDataReader(CommandBehavior behavior)
   at System.Data.Common.DbCommand.System.Data.IDbCommand.ExecuteReader(CommandBehavior behavior)
   at System.Data.Common.DbDataAdapter.FillInternal(DataSet dataset, DataTable[] datatables, Int32 startRecord, Int32 maxRecords, String srcTable, IDbCommand command, CommandBehavior behavior)
   at System.Data.Common.DbDataAdapter.Fill(DataSet dataSet, Int32 startRecord, Int32 maxRecords, String srcTable, IDbCommand command, CommandBehavior behavior)
   at System.Data.Common.DbDataAdapter.Fill(DataSet dataSet, String srcTable)
   at YUNkefu.Core.Dal.DbHelperSQL.Query(String SQLString) in d:\csharp\YUKefu\Core\Dal\DbHelperSQL.cs:line 401
   at YUNkefu.Core.Dal.WeChatAdvertisementDal.QueryTask(String robotid) in d:\csharp\YUKefu\Core\Dal\WeChatAdvertisementDal.cs:line 24
   at YUNkefu.Core.WxTaskCore.AutoSendMsg() in d:\csharp\YUKefu\Core\WxTaskCore.cs:line 121
2016-12-20 16:43:24   -----   MySql.Data.MySqlClient.MySqlException (0x80004005): FUNCTION 013.getdate does not exist
   at MySql.Data.MySqlClient.MySqlStream.OpenPacket()
   at MySql.Data.MySqlClient.NativeDriver.ReadResult(UInt64& affectedRows, Int64& lastInsertId)
   at MySql.Data.MySqlClient.MySqlDataReader.GetResultSet()
   at MySql.Data.MySqlClient.MySqlDataReader.NextResult()
   at MySql.Data.MySqlClient.MySqlCommand.ExecuteReader(CommandBehavior behavior)
   at MySql.Data.MySqlClient.MySqlCommand.ExecuteDbDataReader(CommandBehavior behavior)
   at System.Data.Common.DbCommand.System.Data.IDbCommand.ExecuteReader(CommandBehavior behavior)
   at System.Data.Common.DbDataAdapter.FillInternal(DataSet dataset, DataTable[] datatables, Int32 startRecord, Int32 maxRecords, String srcTable, IDbCommand command, CommandBehavior behavior)
   at System.Data.Common.DbDataAdapter.Fill(DataSet dataSet, Int32 startRecord, Int32 maxRecords, String srcTable, IDbCommand command, CommandBehavior behavior)
   at System.Data.Common.DbDataAdapter.Fill(DataSet dataSet, String srcTable)
   at YUNkefu.Core.Dal.DbHelperSQL.Query(String SQLString) in d:\csharp\YUKefu\Core\Dal\DbHelperSQL.cs:line 401
   at YUNkefu.Core.Dal.WeChatAdvertisementDal.QueryTask(String robotid) in d:\csharp\YUKefu\Core\Dal\WeChatAdvertisementDal.cs:line 24
   at YUNkefu.Core.WxTaskCore.AutoSendMsg() in d:\csharp\YUKefu\Core\WxTaskCore.cs:line 121
2016-12-20 16:43:24   -----   MySql.Data.MySqlClient.MySqlException (0x80004005): FUNCTION 013.getdate does not exist
   at MySql.Data.MySqlClient.MySqlStream.OpenPacket()
   at MySql.Data.MySqlClient.NativeDriver.ReadResult(UInt64& affectedRows, Int64& lastInsertId)
   at MySql.Data.MySqlClient.MySqlDataReader.GetResultSet()
   at MySql.Data.MySqlClient.MySqlDataReader.NextResult()
   at MySql.Data.MySqlClient.MySqlCommand.ExecuteReader(CommandBehavior behavior)
   at MySql.Data.MySqlClient.MySqlCommand.ExecuteDbDataReader(CommandBehavior behavior)
   at System.Data.Common.DbCommand.System.Data.IDbCommand.ExecuteReader(CommandBehavior behavior)
   at System.Data.Common.DbDataAdapter.FillInternal(DataSet dataset, DataTable[] datatables, Int32 startRecord, Int32 maxRecords, String srcTable, IDbCommand command, CommandBehavior behavior)
   at System.Data.Common.DbDataAdapter.Fill(DataSet dataSet, Int32 startRecord, Int32 maxRecords, String srcTable, IDbCommand command, CommandBehavior behavior)
   at System.Data.Common.DbDataAdapter.Fill(DataSet dataSet, String srcTable)
   at YUNkefu.Core.Dal.DbHelperSQL.Query(String SQLString) in d:\csharp\YUKefu\Core\Dal\DbHelperSQL.cs:line 401
   at YUNkefu.Core.Dal.WeChatAdvertisementDal.QueryTask(String robotid) in d:\csharp\YUKefu\Core\Dal\WeChatAdvertisementDal.cs:line 24
   at YUNkefu.Core.WxTaskCore.AutoSendMsg() in d:\csharp\YUKefu\Core\WxTaskCore.cs:line 121
2016-12-20 16:43:54   -----   MySql.Data.MySqlClient.MySqlException (0x80004005): FUNCTION 013.getdate does not exist
   at MySql.Data.MySqlClient.MySqlStream.OpenPacket()
   at MySql.Data.MySqlClient.NativeDriver.ReadResult(UInt64& affectedRows, Int64& lastInsertId)
   at MySql.Data.MySqlClient.MySqlDataReader.GetResultSet()
   at MySql.Data.MySqlClient.MySqlDataReader.NextResult()
   at MySql.Data.MySqlClient.MySqlCommand.ExecuteReader(CommandBehavior behavior)
   at MySql.Data.MySqlClient.MySqlCommand.ExecuteDbDataReader(CommandBehavior behavior)
   at System.Data.Common.DbCommand.System.Data.IDbCommand.ExecuteReader(CommandBehavior behavior)
   at System.Data.Common.DbDataAdapter.FillInternal(DataSet dataset, DataTable[] datatables, Int32 startRecord, Int32 maxRecords, String srcTable, IDbCommand command, CommandBehavior behavior)
   at System.Data.Common.DbDataAdapter.Fill(DataSet dataSet, Int32 startRecord, Int32 maxRecords, String srcTable, IDbCommand command, CommandBehavior behavior)
   at System.Data.Common.DbDataAdapter.Fill(DataSet dataSet, String srcTable)
   at YUNkefu.Core.Dal.DbHelperSQL.Query(String SQLString) in d:\csharp\YUKefu\Core\Dal\DbHelperSQL.cs:line 401
   at YUNkefu.Core.Dal.WeChatAdvertisementDal.QueryTask(String robotid) in d:\csharp\YUKefu\Core\Dal\WeChatAdvertisementDal.cs:line 24
   at YUNkefu.Core.WxTaskCore.AutoSendMsg() in d:\csharp\YUKefu\Core\WxTaskCore.cs:line 121
2016-12-20 16:43:54   -----   MySql.Data.MySqlClient.MySqlException (0x80004005): FUNCTION 013.getdate does not exist
   at MySql.Data.MySqlClient.MySqlStream.OpenPacket()
   at MySql.Data.MySqlClient.NativeDriver.ReadResult(UInt64& affectedRows, Int64& lastInsertId)
   at MySql.Data.MySqlClient.MySqlDataReader.GetResultSet()
   at MySql.Data.MySqlClient.MySqlDataReader.NextResult()
   at MySql.Data.MySqlClient.MySqlCommand.ExecuteReader(CommandBehavior behavior)
   at MySql.Data.MySqlClient.MySqlCommand.ExecuteDbDataReader(CommandBehavior behavior)
   at System.Data.Common.DbCommand.System.Data.IDbCommand.ExecuteReader(CommandBehavior behavior)
   at System.Data.Common.DbDataAdapter.FillInternal(DataSet dataset, DataTable[] datatables, Int32 startRecord, Int32 maxRecords, String srcTable, IDbCommand command, CommandBehavior behavior)
   at System.Data.Common.DbDataAdapter.Fill(DataSet dataSet, Int32 startRecord, Int32 maxRecords, String srcTable, IDbCommand command, CommandBehavior behavior)
   at System.Data.Common.DbDataAdapter.Fill(DataSet dataSet, String srcTable)
   at YUNkefu.Core.Dal.DbHelperSQL.Query(String SQLString) in d:\csharp\YUKefu\Core\Dal\DbHelperSQL.cs:line 401
   at YUNkefu.Core.Dal.WeChatAdvertisementDal.QueryTask(String robotid) in d:\csharp\YUKefu\Core\Dal\WeChatAdvertisementDal.cs:line 24
   at YUNkefu.Core.WxTaskCore.AutoSendMsg() in d:\csharp\YUKefu\Core\WxTaskCore.cs:line 121
2016-12-20 16:55:50   -----   【警告】120353907不能在此软件运行,请切换版本或重新扫描登陆
2016-12-20 16:56:18   -----   MySql.Data.MySqlClient.MySqlException (0x80004005): FUNCTION 013.getdate does not exist
   at MySql.Data.MySqlClient.MySqlStream.OpenPacket()
   at MySql.Data.MySqlClient.NativeDriver.ReadResult(UInt64& affectedRows, Int64& lastInsertId)
   at MySql.Data.MySqlClient.MySqlDataReader.GetResultSet()
   at MySql.Data.MySqlClient.MySqlDataReader.NextResult()
   at MySql.Data.MySqlClient.MySqlCommand.ExecuteReader(CommandBehavior behavior)
   at MySql.Data.MySqlClient.MySqlCommand.ExecuteDbDataReader(CommandBehavior behavior)
   at System.Data.Common.DbCommand.System.Data.IDbCommand.ExecuteReader(CommandBehavior behavior)
   at System.Data.Common.DbDataAdapter.FillInternal(DataSet dataset, DataTable[] datatables, Int32 startRecord, Int32 maxRecords, String srcTable, IDbCommand command, CommandBehavior behavior)
   at System.Data.Common.DbDataAdapter.Fill(DataSet dataSet, Int32 startRecord, Int32 maxRecords, String srcTable, IDbCommand command, CommandBehavior behavior)
   at System.Data.Common.DbDataAdapter.Fill(DataSet dataSet, String srcTable)
   at YUNkefu.Core.Dal.DbHelperSQL.Query(String SQLString) in d:\csharp\YUKefu\Core\Dal\DbHelperSQL.cs:line 401
   at YUNkefu.Core.Dal.WeChatAdvertisementDal.QueryTask(String robotid) in d:\csharp\YUKefu\Core\Dal\WeChatAdvertisementDal.cs:line 24
   at YUNkefu.Core.WxTaskCore.AutoSendMsg() in d:\csharp\YUKefu\Core\WxTaskCore.cs:line 121
2016-12-20 16:58:32   -----   【警告】3429337816不能在此软件运行,请切换版本或重新扫描登陆
2016-12-20 16:58:33   -----   MySql.Data.MySqlClient.MySqlException (0x80004005): FUNCTION 013.getdate does not exist
   at MySql.Data.MySqlClient.MySqlStream.OpenPacket()
   at MySql.Data.MySqlClient.NativeDriver.ReadResult(UInt64& affectedRows, Int64& lastInsertId)
   at MySql.Data.MySqlClient.MySqlDataReader.GetResultSet()
   at MySql.Data.MySqlClient.MySqlDataReader.NextResult()
   at MySql.Data.MySqlClient.MySqlCommand.ExecuteReader(CommandBehavior behavior)
   at MySql.Data.MySqlClient.MySqlCommand.ExecuteDbDataReader(CommandBehavior behavior)
   at System.Data.Common.DbCommand.System.Data.IDbCommand.ExecuteReader(CommandBehavior behavior)
   at System.Data.Common.DbDataAdapter.FillInternal(DataSet dataset, DataTable[] datatables, Int32 startRecord, Int32 maxRecords, String srcTable, IDbCommand command, CommandBehavior behavior)
   at System.Data.Common.DbDataAdapter.Fill(DataSet dataSet, Int32 startRecord, Int32 maxRecords, String srcTable, IDbCommand command, CommandBehavior behavior)
   at System.Data.Common.DbDataAdapter.Fill(DataSet dataSet, String srcTable)
   at YUNkefu.Core.Dal.DbHelperSQL.Query(String SQLString) in d:\csharp\YUKefu\Core\Dal\DbHelperSQL.cs:line 401
   at YUNkefu.Core.Dal.WeChatAdvertisementDal.QueryTask(String robotid) in d:\csharp\YUKefu\Core\Dal\WeChatAdvertisementDal.cs:line 24
   at YUNkefu.Core.WxTaskCore.AutoSendMsg() in d:\csharp\YUKefu\Core\WxTaskCore.cs:line 121
2016-12-20 17:03:33   -----   【警告】3429337816不能在此软件运行,请切换版本或重新扫描登陆
2016-12-20 17:04:39   -----   【警告】3429337816不能在此软件运行,请切换版本或重新扫描登陆
2016-12-20 17:05:38   -----   【警告】3429337816不能在此软件运行,请切换版本或重新扫描登陆
2016-12-20 17:05:40   -----   MySql.Data.MySqlClient.MySqlException (0x80004005): FUNCTION 013.getdate does not exist
   at MySql.Data.MySqlClient.MySqlStream.OpenPacket()
   at MySql.Data.MySqlClient.NativeDriver.ReadResult(UInt64& affectedRows, Int64& lastInsertId)
   at MySql.Data.MySqlClient.MySqlDataReader.GetResultSet()
   at MySql.Data.MySqlClient.MySqlDataReader.NextResult()
   at MySql.Data.MySqlClient.MySqlCommand.ExecuteReader(CommandBehavior behavior)
   at MySql.Data.MySqlClient.MySqlCommand.ExecuteDbDataReader(CommandBehavior behavior)
   at System.Data.Common.DbCommand.System.Data.IDbCommand.ExecuteReader(CommandBehavior behavior)
   at System.Data.Common.DbDataAdapter.FillInternal(DataSet dataset, DataTable[] datatables, Int32 startRecord, Int32 maxRecords, String srcTable, IDbCommand command, CommandBehavior behavior)
   at System.Data.Common.DbDataAdapter.Fill(DataSet dataSet, Int32 startRecord, Int32 maxRecords, String srcTable, IDbCommand command, CommandBehavior behavior)
   at System.Data.Common.DbDataAdapter.Fill(DataSet dataSet, String srcTable)
   at YUNkefu.Core.Dal.DbHelperSQL.Query(String SQLString) in d:\csharp\YUKefu\Core\Dal\DbHelperSQL.cs:line 401
   at YUNkefu.Core.Dal.WeChatAdvertisementDal.QueryTask(String robotid) in d:\csharp\YUKefu\Core\Dal\WeChatAdvertisementDal.cs:line 24
   at YUNkefu.Core.WxTaskCore.AutoSendMsg() in d:\csharp\YUKefu\Core\WxTaskCore.cs:line 121
2016-12-20 17:07:38   -----   【警告】3429337816不能在此软件运行,请切换版本或重新扫描登陆
2016-12-20 17:09:40   -----   【警告】3429337816不能在此软件运行,请切换版本或重新扫描登陆
2016-12-20 17:09:42   -----   MySql.Data.MySqlClient.MySqlException (0x80004005): FUNCTION 013.getdate does not exist
   at MySql.Data.MySqlClient.MySqlStream.OpenPacket()
   at MySql.Data.MySqlClient.NativeDriver.ReadResult(UInt64& affectedRows, Int64& lastInsertId)
   at MySql.Data.MySqlClient.MySqlDataReader.GetResultSet()
   at MySql.Data.MySqlClient.MySqlDataReader.NextResult()
   at MySql.Data.MySqlClient.MySqlCommand.ExecuteReader(CommandBehavior behavior)
   at MySql.Data.MySqlClient.MySqlCommand.ExecuteDbDataReader(CommandBehavior behavior)
   at System.Data.Common.DbCommand.System.Data.IDbCommand.ExecuteReader(CommandBehavior behavior)
   at System.Data.Common.DbDataAdapter.FillInternal(DataSet dataset, DataTable[] datatables, Int32 startRecord, Int32 maxRecords, String srcTable, IDbCommand command, CommandBehavior behavior)
   at System.Data.Common.DbDataAdapter.Fill(DataSet dataSet, Int32 startRecord, Int32 maxRecords, String srcTable, IDbCommand command, CommandBehavior behavior)
   at System.Data.Common.DbDataAdapter.Fill(DataSet dataSet, String srcTable)
   at YUNkefu.Core.Dal.DbHelperSQL.Query(String SQLString) in d:\csharp\YUKefu\Core\Dal\DbHelperSQL.cs:line 401
   at YUNkefu.Core.Dal.WeChatAdvertisementDal.QueryTask(String robotid) in d:\csharp\YUKefu\Core\Dal\WeChatAdvertisementDal.cs:line 24
   at YUNkefu.Core.WxTaskCore.AutoSendMsg() in d:\csharp\YUKefu\Core\WxTaskCore.cs:line 121
2016-12-20 17:18:30   -----   【警告】3429337816不能在此软件运行,请切换版本或重新扫描登陆
2016-12-20 17:18:48   -----   【警告】3429337816不能在此软件运行,请切换版本或重新扫描登陆
2016-12-20 17:19:08   -----   MySql.Data.MySqlClient.MySqlException (0x80004005): FUNCTION 013.getdate does not exist
   at MySql.Data.MySqlClient.MySqlStream.OpenPacket()
   at MySql.Data.MySqlClient.NativeDriver.ReadResult(UInt64& affectedRows, Int64& lastInsertId)
   at MySql.Data.MySqlClient.MySqlDataReader.GetResultSet()
   at MySql.Data.MySqlClient.MySqlDataReader.NextResult()
   at MySql.Data.MySqlClient.MySqlCommand.ExecuteReader(CommandBehavior behavior)
   at MySql.Data.MySqlClient.MySqlCommand.ExecuteDbDataReader(CommandBehavior behavior)
   at System.Data.Common.DbCommand.System.Data.IDbCommand.ExecuteReader(CommandBehavior behavior)
   at System.Data.Common.DbDataAdapter.FillInternal(DataSet dataset, DataTable[] datatables, Int32 startRecord, Int32 maxRecords, String srcTable, IDbCommand command, CommandBehavior behavior)
   at System.Data.Common.DbDataAdapter.Fill(DataSet dataSet, Int32 startRecord, Int32 maxRecords, String srcTable, IDbCommand command, CommandBehavior behavior)
   at System.Data.Common.DbDataAdapter.Fill(DataSet dataSet, String srcTable)
   at YUNkefu.Core.Dal.DbHelperSQL.Query(String SQLString) in d:\csharp\YUKefu\Core\Dal\DbHelperSQL.cs:line 401
   at YUNkefu.Core.Dal.WeChatAdvertisementDal.QueryTask(String robotid) in d:\csharp\YUKefu\Core\Dal\WeChatAdvertisementDal.cs:line 24
   at YUNkefu.Core.WxTaskCore.AutoSendMsg() in d:\csharp\YUKefu\Core\WxTaskCore.cs:line 121
2016-12-20 17:25:58   -----   【警告】120353907不能在此软件运行,请切换版本或重新扫描登陆
2016-12-20 17:26:13   -----   MySql.Data.MySqlClient.MySqlException (0x80004005): FUNCTION 013.getdate does not exist
   at MySql.Data.MySqlClient.MySqlStream.OpenPacket()
   at MySql.Data.MySqlClient.NativeDriver.ReadResult(UInt64& affectedRows, Int64& lastInsertId)
   at MySql.Data.MySqlClient.MySqlDataReader.GetResultSet()
   at MySql.Data.MySqlClient.MySqlDataReader.NextResult()
   at MySql.Data.MySqlClient.MySqlCommand.ExecuteReader(CommandBehavior behavior)
   at MySql.Data.MySqlClient.MySqlCommand.ExecuteDbDataReader(CommandBehavior behavior)
   at System.Data.Common.DbCommand.System.Data.IDbCommand.ExecuteReader(CommandBehavior behavior)
   at System.Data.Common.DbDataAdapter.FillInternal(DataSet dataset, DataTable[] datatables, Int32 startRecord, Int32 maxRecords, String srcTable, IDbCommand command, CommandBehavior behavior)
   at System.Data.Common.DbDataAdapter.Fill(DataSet dataSet, Int32 startRecord, Int32 maxRecords, String srcTable, IDbCommand command, CommandBehavior behavior)
   at System.Data.Common.DbDataAdapter.Fill(DataSet dataSet, String srcTable)
   at YUNkefu.Core.Dal.DbHelperSQL.Query(String SQLString) in d:\csharp\YUKefu\Core\Dal\DbHelperSQL.cs:line 401
   at YUNkefu.Core.Dal.WeChatAdvertisementDal.QueryTask(String robotid) in d:\csharp\YUKefu\Core\Dal\WeChatAdvertisementDal.cs:line 24
   at YUNkefu.Core.WxTaskCore.AutoSendMsg() in d:\csharp\YUKefu\Core\WxTaskCore.cs:line 121
2016-12-20 17:26:34   -----   MySql.Data.MySqlClient.MySqlException (0x80004005): FUNCTION 013.getdate does not exist
   at MySql.Data.MySqlClient.MySqlStream.OpenPacket()
   at MySql.Data.MySqlClient.NativeDriver.ReadResult(UInt64& affectedRows, Int64& lastInsertId)
   at MySql.Data.MySqlClient.MySqlDataReader.GetResultSet()
   at MySql.Data.MySqlClient.MySqlDataReader.NextResult()
   at MySql.Data.MySqlClient.MySqlCommand.ExecuteReader(CommandBehavior behavior)
   at MySql.Data.MySqlClient.MySqlCommand.ExecuteDbDataReader(CommandBehavior behavior)
   at System.Data.Common.DbCommand.System.Data.IDbCommand.ExecuteReader(CommandBehavior behavior)
   at System.Data.Common.DbDataAdapter.FillInternal(DataSet dataset, DataTable[] datatables, Int32 startRecord, Int32 maxRecords, String srcTable, IDbCommand command, CommandBehavior behavior)
   at System.Data.Common.DbDataAdapter.Fill(DataSet dataSet, Int32 startRecord, Int32 maxRecords, String srcTable, IDbCommand command, CommandBehavior behavior)
   at System.Data.Common.DbDataAdapter.Fill(DataSet dataSet, String srcTable)
   at YUNkefu.Core.Dal.DbHelperSQL.Query(String SQLString) in d:\csharp\YUKefu\Core\Dal\DbHelperSQL.cs:line 401
   at YUNkefu.Core.Dal.WeChatAdvertisementDal.QueryTask(String robotid) in d:\csharp\YUKefu\Core\Dal\WeChatAdvertisementDal.cs:line 24
   at YUNkefu.Core.WxTaskCore.AutoSendMsg() in d:\csharp\YUKefu\Core\WxTaskCore.cs:line 121
2016-12-20 17:29:39   -----   MySql.Data.MySqlClient.MySqlException (0x80004005): FUNCTION 013.getdate does not exist
   at MySql.Data.MySqlClient.MySqlStream.OpenPacket()
   at MySql.Data.MySqlClient.NativeDriver.ReadResult(UInt64& affectedRows, Int64& lastInsertId)
   at MySql.Data.MySqlClient.MySqlDataReader.GetResultSet()
   at MySql.Data.MySqlClient.MySqlDataReader.NextResult()
   at MySql.Data.MySqlClient.MySqlCommand.ExecuteReader(CommandBehavior behavior)
   at MySql.Data.MySqlClient.MySqlCommand.ExecuteDbDataReader(CommandBehavior behavior)
   at System.Data.Common.DbCommand.System.Data.IDbCommand.ExecuteReader(CommandBehavior behavior)
   at System.Data.Common.DbDataAdapter.FillInternal(DataSet dataset, DataTable[] datatables, Int32 startRecord, Int32 maxRecords, String srcTable, IDbCommand command, CommandBehavior behavior)
   at System.Data.Common.DbDataAdapter.Fill(DataSet dataSet, Int32 startRecord, Int32 maxRecords, String srcTable, IDbCommand command, CommandBehavior behavior)
   at System.Data.Common.DbDataAdapter.Fill(DataSet dataSet, String srcTable)
   at YUNkefu.Core.Dal.DbHelperSQL.Query(String SQLString) in d:\csharp\YUKefu\Core\Dal\DbHelperSQL.cs:line 401
   at YUNkefu.Core.Dal.WeChatAdvertisementDal.QueryTask(String robotid) in d:\csharp\YUKefu\Core\Dal\WeChatAdvertisementDal.cs:line 24
   at YUNkefu.Core.WxTaskCore.AutoSendMsg() in d:\csharp\YUKefu\Core\WxTaskCore.cs:line 121
2016-12-20 17:29:39   -----   MySql.Data.MySqlClient.MySqlException (0x80004005): FUNCTION 013.getdate does not exist
   at MySql.Data.MySqlClient.MySqlStream.OpenPacket()
   at MySql.Data.MySqlClient.NativeDriver.ReadResult(UInt64& affectedRows, Int64& lastInsertId)
   at MySql.Data.MySqlClient.MySqlDataReader.GetResultSet()
   at MySql.Data.MySqlClient.MySqlDataReader.NextResult()
   at MySql.Data.MySqlClient.MySqlCommand.ExecuteReader(CommandBehavior behavior)
   at MySql.Data.MySqlClient.MySqlCommand.ExecuteDbDataReader(CommandBehavior behavior)
   at System.Data.Common.DbCommand.System.Data.IDbCommand.ExecuteReader(CommandBehavior behavior)
   at System.Data.Common.DbDataAdapter.FillInternal(DataSet dataset, DataTable[] datatables, Int32 startRecord, Int32 maxRecords, String srcTable, IDbCommand command, CommandBehavior behavior)
   at System.Data.Common.DbDataAdapter.Fill(DataSet dataSet, Int32 startRecord, Int32 maxRecords, String srcTable, IDbCommand command, CommandBehavior behavior)
   at System.Data.Common.DbDataAdapter.Fill(DataSet dataSet, String srcTable)
   at YUNkefu.Core.Dal.DbHelperSQL.Query(String SQLString) in d:\csharp\YUKefu\Core\Dal\DbHelperSQL.cs:line 401
   at YUNkefu.Core.Dal.WeChatAdvertisementDal.QueryTask(String robotid) in d:\csharp\YUKefu\Core\Dal\WeChatAdvertisementDal.cs:line 24
   at YUNkefu.Core.WxTaskCore.AutoSendMsg() in d:\csharp\YUKefu\Core\WxTaskCore.cs:line 121
2016-12-20 17:31:51   -----   MySql.Data.MySqlClient.MySqlException (0x80004005): FUNCTION 013.getdate does not exist
   at MySql.Data.MySqlClient.MySqlStream.OpenPacket()
   at MySql.Data.MySqlClient.NativeDriver.ReadResult(UInt64& affectedRows, Int64& lastInsertId)
   at MySql.Data.MySqlClient.MySqlDataReader.GetResultSet()
   at MySql.Data.MySqlClient.MySqlDataReader.NextResult()
   at MySql.Data.MySqlClient.MySqlCommand.ExecuteReader(CommandBehavior behavior)
   at MySql.Data.MySqlClient.MySqlCommand.ExecuteDbDataReader(CommandBehavior behavior)
   at System.Data.Common.DbCommand.System.Data.IDbCommand.ExecuteReader(CommandBehavior behavior)
   at System.Data.Common.DbDataAdapter.FillInternal(DataSet dataset, DataTable[] datatables, Int32 startRecord, Int32 maxRecords, String srcTable, IDbCommand command, CommandBehavior behavior)
   at System.Data.Common.DbDataAdapter.Fill(DataSet dataSet, Int32 startRecord, Int32 maxRecords, String srcTable, IDbCommand command, CommandBehavior behavior)
   at System.Data.Common.DbDataAdapter.Fill(DataSet dataSet, String srcTable)
   at YUNkefu.Core.Dal.DbHelperSQL.Query(String SQLString) in d:\csharp\YUKefu\Core\Dal\DbHelperSQL.cs:line 401
   at YUNkefu.Core.Dal.WeChatAdvertisementDal.QueryTask(String robotid) in d:\csharp\YUKefu\Core\Dal\WeChatAdvertisementDal.cs:line 24
   at YUNkefu.Core.WxTaskCore.AutoSendMsg() in d:\csharp\YUKefu\Core\WxTaskCore.cs:line 121
2016-12-20 17:31:51   -----   MySql.Data.MySqlClient.MySqlException (0x80004005): FUNCTION 013.getdate does not exist
   at MySql.Data.MySqlClient.MySqlStream.OpenPacket()
   at MySql.Data.MySqlClient.NativeDriver.ReadResult(UInt64& affectedRows, Int64& lastInsertId)
   at MySql.Data.MySqlClient.MySqlDataReader.GetResultSet()
   at MySql.Data.MySqlClient.MySqlDataReader.NextResult()
   at MySql.Data.MySqlClient.MySqlCommand.ExecuteReader(CommandBehavior behavior)
   at MySql.Data.MySqlClient.MySqlCommand.ExecuteDbDataReader(CommandBehavior behavior)
   at System.Data.Common.DbCommand.System.Data.IDbCommand.ExecuteReader(CommandBehavior behavior)
   at System.Data.Common.DbDataAdapter.FillInternal(DataSet dataset, DataTable[] datatables, Int32 startRecord, Int32 maxRecords, String srcTable, IDbCommand command, CommandBehavior behavior)
   at System.Data.Common.DbDataAdapter.Fill(DataSet dataSet, Int32 startRecord, Int32 maxRecords, String srcTable, IDbCommand command, CommandBehavior behavior)
   at System.Data.Common.DbDataAdapter.Fill(DataSet dataSet, String srcTable)
   at YUNkefu.Core.Dal.DbHelperSQL.Query(String SQLString) in d:\csharp\YUKefu\Core\Dal\DbHelperSQL.cs:line 401
   at YUNkefu.Core.Dal.WeChatAdvertisementDal.QueryTask(String robotid) in d:\csharp\YUKefu\Core\Dal\WeChatAdvertisementDal.cs:line 24
   at YUNkefu.Core.WxTaskCore.AutoSendMsg() in d:\csharp\YUKefu\Core\WxTaskCore.cs:line 121
2016-12-20 17:36:58   -----   MySql.Data.MySqlClient.MySqlException (0x80004005): FUNCTION 013.getdate does not exist
   at MySql.Data.MySqlClient.MySqlStream.OpenPacket()
   at MySql.Data.MySqlClient.NativeDriver.ReadResult(UInt64& affectedRows, Int64& lastInsertId)
   at MySql.Data.MySqlClient.MySqlDataReader.GetResultSet()
   at MySql.Data.MySqlClient.MySqlDataReader.NextResult()
   at MySql.Data.MySqlClient.MySqlCommand.ExecuteReader(CommandBehavior behavior)
   at MySql.Data.MySqlClient.MySqlCommand.ExecuteDbDataReader(CommandBehavior behavior)
   at System.Data.Common.DbCommand.System.Data.IDbCommand.ExecuteReader(CommandBehavior behavior)
   at System.Data.Common.DbDataAdapter.FillInternal(DataSet dataset, DataTable[] datatables, Int32 startRecord, Int32 maxRecords, String srcTable, IDbCommand command, CommandBehavior behavior)
   at System.Data.Common.DbDataAdapter.Fill(DataSet dataSet, Int32 startRecord, Int32 maxRecords, String srcTable, IDbCommand command, CommandBehavior behavior)
   at System.Data.Common.DbDataAdapter.Fill(DataSet dataSet, String srcTable)
   at YUNkefu.Core.Dal.DbHelperSQL.Query(String SQLString) in d:\csharp\YUKefu\Core\Dal\DbHelperSQL.cs:line 401
   at YUNkefu.Core.Dal.WeChatAdvertisementDal.QueryTask(String robotid) in d:\csharp\YUKefu\Core\Dal\WeChatAdvertisementDal.cs:line 24
   at YUNkefu.Core.WxTaskCore.AutoSendMsg() in d:\csharp\YUKefu\Core\WxTaskCore.cs:line 121
2016-12-20 17:36:59   -----   MySql.Data.MySqlClient.MySqlException (0x80004005): FUNCTION 013.getdate does not exist
   at MySql.Data.MySqlClient.MySqlStream.OpenPacket()
   at MySql.Data.MySqlClient.NativeDriver.ReadResult(UInt64& affectedRows, Int64& lastInsertId)
   at MySql.Data.MySqlClient.MySqlDataReader.GetResultSet()
   at MySql.Data.MySqlClient.MySqlDataReader.NextResult()
   at MySql.Data.MySqlClient.MySqlCommand.ExecuteReader(CommandBehavior behavior)
   at MySql.Data.MySqlClient.MySqlCommand.ExecuteDbDataReader(CommandBehavior behavior)
   at System.Data.Common.DbCommand.System.Data.IDbCommand.ExecuteReader(CommandBehavior behavior)
   at System.Data.Common.DbDataAdapter.FillInternal(DataSet dataset, DataTable[] datatables, Int32 startRecord, Int32 maxRecords, String srcTable, IDbCommand command, CommandBehavior behavior)
   at System.Data.Common.DbDataAdapter.Fill(DataSet dataSet, Int32 startRecord, Int32 maxRecords, String srcTable, IDbCommand command, CommandBehavior behavior)
   at System.Data.Common.DbDataAdapter.Fill(DataSet dataSet, String srcTable)
   at YUNkefu.Core.Dal.DbHelperSQL.Query(String SQLString) in d:\csharp\YUKefu\Core\Dal\DbHelperSQL.cs:line 401
   at YUNkefu.Core.Dal.WeChatAdvertisementDal.QueryTask(String robotid) in d:\csharp\YUKefu\Core\Dal\WeChatAdvertisementDal.cs:line 24
   at YUNkefu.Core.WxTaskCore.AutoSendMsg() in d:\csharp\YUKefu\Core\WxTaskCore.cs:line 121
2016-12-20 17:37:24   -----   MySql.Data.MySqlClient.MySqlException (0x80004005): FUNCTION 013.getdate does not exist
   at MySql.Data.MySqlClient.MySqlStream.OpenPacket()
   at MySql.Data.MySqlClient.NativeDriver.ReadResult(UInt64& affectedRows, Int64& lastInsertId)
   at MySql.Data.MySqlClient.MySqlDataReader.GetResultSet()
   at MySql.Data.MySqlClient.MySqlDataReader.NextResult()
   at MySql.Data.MySqlClient.MySqlCommand.ExecuteReader(CommandBehavior behavior)
   at MySql.Data.MySqlClient.MySqlCommand.ExecuteDbDataReader(CommandBehavior behavior)
   at System.Data.Common.DbCommand.System.Data.IDbCommand.ExecuteReader(CommandBehavior behavior)
   at System.Data.Common.DbDataAdapter.FillInternal(DataSet dataset, DataTable[] datatables, Int32 startRecord, Int32 maxRecords, String srcTable, IDbCommand command, CommandBehavior behavior)
   at System.Data.Common.DbDataAdapter.Fill(DataSet dataSet, Int32 startRecord, Int32 maxRecords, String srcTable, IDbCommand command, CommandBehavior behavior)
   at System.Data.Common.DbDataAdapter.Fill(DataSet dataSet, String srcTable)
   at YUNkefu.Core.Dal.DbHelperSQL.Query(String SQLString) in d:\csharp\YUKefu\Core\Dal\DbHelperSQL.cs:line 401
   at YUNkefu.Core.Dal.WeChatAdvertisementDal.QueryTask(String robotid) in d:\csharp\YUKefu\Core\Dal\WeChatAdvertisementDal.cs:line 24
   at YUNkefu.Core.WxTaskCore.AutoSendMsg() in d:\csharp\YUKefu\Core\WxTaskCore.cs:line 121
2016-12-20 17:37:25   -----   MySql.Data.MySqlClient.MySqlException (0x80004005): FUNCTION 013.getdate does not exist
   at MySql.Data.MySqlClient.MySqlStream.OpenPacket()
   at MySql.Data.MySqlClient.NativeDriver.ReadResult(UInt64& affectedRows, Int64& lastInsertId)
   at MySql.Data.MySqlClient.MySqlDataReader.GetResultSet()
   at MySql.Data.MySqlClient.MySqlDataReader.NextResult()
   at MySql.Data.MySqlClient.MySqlCommand.ExecuteReader(CommandBehavior behavior)
   at MySql.Data.MySqlClient.MySqlCommand.ExecuteDbDataReader(CommandBehavior behavior)
   at System.Data.Common.DbCommand.System.Data.IDbCommand.ExecuteReader(CommandBehavior behavior)
   at System.Data.Common.DbDataAdapter.FillInternal(DataSet dataset, DataTable[] datatables, Int32 startRecord, Int32 maxRecords, String srcTable, IDbCommand command, CommandBehavior behavior)
   at System.Data.Common.DbDataAdapter.Fill(DataSet dataSet, Int32 startRecord, Int32 maxRecords, String srcTable, IDbCommand command, CommandBehavior behavior)
   at System.Data.Common.DbDataAdapter.Fill(DataSet dataSet, String srcTable)
   at YUNkefu.Core.Dal.DbHelperSQL.Query(String SQLString) in d:\csharp\YUKefu\Core\Dal\DbHelperSQL.cs:line 401
   at YUNkefu.Core.Dal.WeChatAdvertisementDal.QueryTask(String robotid) in d:\csharp\YUKefu\Core\Dal\WeChatAdvertisementDal.cs:line 24
   at YUNkefu.Core.WxTaskCore.AutoSendMsg() in d:\csharp\YUKefu\Core\WxTaskCore.cs:line 121
2016-12-20 17:58:54   -----   【警告】120353907不能在此软件运行,请切换版本或重新扫描登陆
2016-12-20 17:59:43   -----   MySql.Data.MySqlClient.MySqlException (0x80004005): FUNCTION 013.getdate does not exist
   at MySql.Data.MySqlClient.MySqlStream.OpenPacket()
   at MySql.Data.MySqlClient.NativeDriver.ReadResult(UInt64& affectedRows, Int64& lastInsertId)
   at MySql.Data.MySqlClient.MySqlDataReader.GetResultSet()
   at MySql.Data.MySqlClient.MySqlDataReader.NextResult()
   at MySql.Data.MySqlClient.MySqlCommand.ExecuteReader(CommandBehavior behavior)
   at MySql.Data.MySqlClient.MySqlCommand.ExecuteDbDataReader(CommandBehavior behavior)
   at System.Data.Common.DbCommand.System.Data.IDbCommand.ExecuteReader(CommandBehavior behavior)
   at System.Data.Common.DbDataAdapter.FillInternal(DataSet dataset, DataTable[] datatables, Int32 startRecord, Int32 maxRecords, String srcTable, IDbCommand command, CommandBehavior behavior)
   at System.Data.Common.DbDataAdapter.Fill(DataSet dataSet, Int32 startRecord, Int32 maxRecords, String srcTable, IDbCommand command, CommandBehavior behavior)
   at System.Data.Common.DbDataAdapter.Fill(DataSet dataSet, String srcTable)
   at YUNkefu.Core.Dal.DbHelperSQL.Query(String SQLString) in d:\csharp\YUKefu\Core\Dal\DbHelperSQL.cs:line 401
   at YUNkefu.Core.Dal.WeChatAdvertisementDal.QueryTask(String robotid) in d:\csharp\YUKefu\Core\Dal\WeChatAdvertisementDal.cs:line 24
   at YUNkefu.Core.WxTaskCore.AutoSendMsg() in d:\csharp\YUKefu\Core\WxTaskCore.cs:line 121
2016-12-20 18:00:48   -----   【警告】120353907不能在此软件运行,请切换版本或重新扫描登陆
2016-12-20 18:00:49   -----   【警告】120353907不能在此软件运行,请切换版本或重新扫描登陆
2016-12-20 18:00:49   -----   【警告】120353907不能在此软件运行,请切换版本或重新扫描登陆
2016-12-20 18:00:50   -----   【警告】120353907不能在此软件运行,请切换版本或重新扫描登陆
2016-12-20 18:00:50   -----   【警告】120353907不能在此软件运行,请切换版本或重新扫描登陆
2016-12-20 18:00:50   -----   【警告】120353907不能在此软件运行,请切换版本或重新扫描登陆
2016-12-20 18:00:51   -----   【警告】120353907不能在此软件运行,请切换版本或重新扫描登陆
2016-12-20 18:00:51   -----   【警告】120353907不能在此软件运行,请切换版本或重新扫描登陆
2016-12-20 18:00:52   -----   【警告】120353907不能在此软件运行,请切换版本或重新扫描登陆
2016-12-20 18:00:52   -----   【警告】120353907不能在此软件运行,请切换版本或重新扫描登陆
2016-12-20 18:00:52   -----   【警告】120353907不能在此软件运行,请切换版本或重新扫描登陆
2016-12-20 18:01:11   -----   【警告】120353907不能在此软件运行,请切换版本或重新扫描登陆
2016-12-20 18:01:12   -----   【警告】120353907不能在此软件运行,请切换版本或重新扫描登陆
2016-12-20 18:27:27   -----   【警告】120353907不能在此软件运行,请切换版本或重新扫描登陆
2016-12-20 18:28:18   -----   【警告】3429337816不能在此软件运行,请切换版本或重新扫描登陆
2016-12-20 18:28:18   -----   【警告】120353907不能在此软件运行,请切换版本或重新扫描登陆
2016-12-20 18:28:19   -----   【警告】3429337816不能在此软件运行,请切换版本或重新扫描登陆
2016-12-20 18:28:19   -----   【警告】120353907不能在此软件运行,请切换版本或重新扫描登陆
